<?xml version="1.0" encoding="UTF-8"?>
<!-- Generated by org.testng.reporters.JUnitReportReporter -->
<testsuite hostname="ELW4007" failures="0" tests="1" name="testCases.AddReviewProduct" time="6.296" errors="0" timestamp="2024-09-16T13:30:33 IST" skipped="0">
  <testcase classname="testCases.AddReviewProduct" name="addreview" time="6.296"/>
</testsuite> <!-- testCases.AddReviewProduct -->
