<?xml version="1.0" encoding="UTF-8"?>
<!-- Generated by org.testng.reporters.JUnitReportReporter -->
<testsuite hostname="ELW4007" failures="0" tests="1" name="testCases.AddtoCartFromRecommendedProducts" time="4.009" errors="0" timestamp="2024-09-16T13:50:12 IST" skipped="0">
  <testcase classname="testCases.AddtoCartFromRecommendedProducts" name="addToCart" time="4.009"/>
</testsuite> <!-- testCases.AddtoCartFromRecommendedProducts -->
