<?xml version="1.0" encoding="UTF-8"?>
<!-- Generated by org.testng.reporters.JUnitReportReporter -->
<testsuite hostname="ELW4007" failures="0" tests="1" name="testCases.SearchProductsandVerifyCartAfterLogin" time="3.335" errors="0" timestamp="2024-09-17T11:49:35 IST" skipped="0">
  <testcase classname="testCases.SearchProductsandVerifyCartAfterLogin" name="verifysearch" time="3.335"/>
</testsuite> <!-- testCases.SearchProductsandVerifyCartAfterLogin -->
