<?xml version="1.0" encoding="UTF-8"?>
<!-- Generated by org.testng.reporters.JUnitReportReporter -->
<testsuite hostname="ELW4007" failures="0" tests="1" name="testCases.SearchProduct" time="4.809" errors="0" timestamp="2024-09-14T07:37:17 IST" skipped="0">
  <testcase classname="testCases.SearchProduct" name="searchMethod" time="4.809"/>
</testsuite> <!-- testCases.SearchProduct -->
