<?xml version="1.0" encoding="UTF-8"?>
<!-- Generated by org.testng.reporters.JUnitReportReporter -->
<testsuite hostname="ELW4007" failures="0" tests="1" name="testCases.ViewCategoryProducts" time="4.093" errors="0" timestamp="2024-09-16T12:47:19 IST" skipped="0">
  <testcase classname="testCases.ViewCategoryProducts" name="verifyCategory" time="4.093"/>
</testsuite> <!-- testCases.ViewCategoryProducts -->
