<?xml version="1.0" encoding="UTF-8"?>
<!-- Generated by org.testng.reporters.JUnitReportReporter -->
<testsuite hostname="ELW4007" failures="0" tests="1" name="testCases.ContactUSTestCase" time="3.964" errors="0" timestamp="2024-09-13T13:05:11 IST" skipped="0">
  <testcase classname="testCases.ContactUSTestCase" name="contactUsTest" time="3.964"/>
</testsuite> <!-- testCases.ContactUSTestCase -->
