<?xml version="1.0" encoding="UTF-8"?>
<!-- Generated by org.testng.reporters.JUnitReportReporter -->
<testsuite hostname="ELW4007" failures="0" tests="1" name="testCases.ViewAndCartProducts" time="6.008" errors="0" timestamp="2024-09-16T13:03:52 IST" skipped="0">
  <testcase classname="testCases.ViewAndCartProducts" name="ViewAndcartProduct" time="6.008"/>
</testsuite> <!-- testCases.ViewAndCartProducts -->
