<?xml version="1.0" encoding="UTF-8"?>
<!-- Generated by org.testng.reporters.JUnitReportReporter -->
<testsuite hostname="ELW4007" failures="0" tests="1" name="testCases.RegisterBeforeCheckout" time="15.626" errors="0" timestamp="2024-09-16T11:48:46 IST" skipped="0">
  <testcase classname="testCases.RegisterBeforeCheckout" name="checkoutMethod" time="15.626"/>
</testsuite> <!-- testCases.RegisterBeforeCheckout -->
