<?xml version="1.0" encoding="UTF-8"?>
<!-- Generated by org.testng.reporters.JUnitReportReporter -->
<testsuite hostname="ELW4007" failures="0" tests="1" name="testCases.RegistarionTestCase" time="38.985" errors="0" timestamp="2024-09-18T11:30:20 IST" skipped="0">
  <testcase classname="testCases.RegistarionTestCase" name="register" time="38.985"/>
</testsuite> <!-- testCases.RegistarionTestCase -->
