<?xml version="1.0" encoding="UTF-8"?>
<!-- Generated by org.testng.reporters.JUnitReportReporter -->
<testsuite hostname="ELW4007" failures="0" tests="1" name="testCases.RemoveProductsFromCart" time="4.622" errors="0" timestamp="2024-09-16T12:16:08 IST" skipped="0">
  <testcase classname="testCases.RemoveProductsFromCart" name="removeMethod" time="4.622"/>
</testsuite> <!-- testCases.RemoveProductsFromCart -->
