<?xml version="1.0" encoding="UTF-8"?>
<!-- Generated by org.testng.reporters.JUnitReportReporter -->
<testsuite hostname="ELW4007" failures="0" tests="1" name="testCases.TestCasesPageTest" time="1.114" errors="0" timestamp="2024-09-13T13:21:57 IST" skipped="0">
  <testcase classname="testCases.TestCasesPageTest" name="testCaseMethod" time="1.114"/>
</testsuite> <!-- testCases.TestCasesPageTest -->
