<?xml version="1.0" encoding="UTF-8"?>
<!-- Generated by org.testng.reporters.JUnitReportReporter -->
<testsuite hostname="ELW4007" failures="0" tests="1" name="testCases.LogoutTestCase" time="5.372" errors="0" timestamp="2024-09-13T12:19:16 IST" skipped="0">
  <testcase classname="testCases.LogoutTestCase" name="logoutMethod" time="5.372"/>
</testsuite> <!-- testCases.LogoutTestCase -->
