<?xml version="1.0" encoding="UTF-8"?>
<!-- Generated by org.testng.reporters.JUnitReportReporter -->
<testsuite hostname="ELW4007" failures="0" tests="1" name="testCases.VerifyProductDetails" time="3.097" errors="0" timestamp="2024-09-15T07:13:42 IST" skipped="0">
  <testcase classname="testCases.VerifyProductDetails" name="verifyProductMethod" time="3.097"/>
</testsuite> <!-- testCases.VerifyProductDetails -->
