<?xml version="1.0" encoding="UTF-8"?>
<!-- Generated by org.testng.reporters.JUnitReportReporter -->
<testsuite hostname="ELW4007" failures="0" tests="1" name="testCases.DownloadInvoice" time="24.114" errors="0" timestamp="2024-09-16T14:17:36 IST" skipped="0">
  <testcase classname="testCases.DownloadInvoice" name="checkoutMethod" time="24.114"/>
</testsuite> <!-- testCases.DownloadInvoice -->
