<?xml version="1.0" encoding="UTF-8"?>
<!-- Generated by org.testng.reporters.JUnitReportReporter -->
<testsuite hostname="ELW4007" failures="0" tests="1" name="testCases.LoginPageTestCase" time="3.855" errors="0" timestamp="2024-09-17T15:05:42 IST" skipped="0">
  <testcase classname="testCases.LoginPageTestCase" name="loginMethod" time="3.855"/>
</testsuite> <!-- testCases.LoginPageTestCase -->
