<?xml version="1.0" encoding="UTF-8"?>
<!-- Generated by org.testng.reporters.JUnitReportReporter -->
<testsuite hostname="ELW4007" failures="0" tests="1" name="testCases.LoginBeforeCheckout" time="14.029" errors="0" timestamp="2024-09-16T11:46:47 IST" skipped="0">
  <testcase classname="testCases.LoginBeforeCheckout" name="LoginCheckoutMethod" time="14.029"/>
</testsuite> <!-- testCases.LoginBeforeCheckout -->
