<?xml version="1.0" encoding="UTF-8"?>
<!-- Generated by org.testng.reporters.JUnitReportReporter -->
<testsuite hostname="ELW4007" failures="0" tests="1" name="testCases.VerifyScrollUpAndDownWithoutArrow" time="5.860" errors="0" timestamp="2024-09-16T14:29:06 IST" skipped="0">
  <testcase classname="testCases.VerifyScrollUpAndDownWithoutArrow" name="scrollup" time="5.860"/>
</testsuite> <!-- testCases.VerifyScrollUpAndDownWithoutArrow -->
