<?xml version="1.0" encoding="UTF-8"?>
<!-- Generated by org.testng.reporters.JUnitReportReporter -->
<testsuite hostname="ELW4007" failures="0" tests="1" name="testCases.RegisterWhileCheckout" time="17.844" errors="0" timestamp="2024-09-16T11:49:32 IST" skipped="0">
  <testcase classname="testCases.RegisterWhileCheckout" name="checkoutMethod" time="17.844"/>
</testsuite> <!-- testCases.RegisterWhileCheckout -->
