<?xml version="1.0" encoding="UTF-8"?>
<!-- Generated by org.testng.reporters.JUnitReportReporter -->
<testsuite hostname="ELW4007" failures="0" tests="1" name="testCases.VerifySubscribeHomepage" time="1.752" errors="0" timestamp="2024-09-13T15:31:55 IST" skipped="0">
  <testcase classname="testCases.VerifySubscribeHomepage" name="testsubMethod" time="1.752"/>
</testsuite> <!-- testCases.VerifySubscribeHomepage -->
