<?xml version="1.0" encoding="UTF-8"?>
<!-- Generated by org.testng.reporters.JUnitReportReporter -->
<testsuite hostname="ELW4007" failures="0" tests="1" name="testCases.ScroolUpUsingArrowButton" time="5.948" errors="0" timestamp="2024-09-16T15:03:49 IST" skipped="0">
  <testcase classname="testCases.ScroolUpUsingArrowButton" name="scrollup" time="5.948"/>
</testsuite> <!-- testCases.ScroolUpUsingArrowButton -->
