<?xml version="1.0" encoding="UTF-8"?>
<!-- Generated by org.testng.reporters.JUnitReportReporter -->
<testsuite hostname="ELW4007" failures="0" tests="1" name="testCases.AddProductToCart" time="5.651" errors="0" timestamp="2024-09-15T07:00:12 IST" skipped="0">
  <testcase classname="testCases.AddProductToCart" name="addToCartTestMethod" time="5.651"/>
</testsuite> <!-- testCases.AddProductToCart -->
