<?xml version="1.0" encoding="UTF-8"?>
<!-- Generated by org.testng.reporters.JUnitReportReporter -->
<testsuite hostname="ELW4007" failures="0" tests="1" name="testCases.VerifyProductqQuantity" time="14.641" errors="0" timestamp="2024-09-15T10:27:13 IST" skipped="0">
  <testcase classname="testCases.VerifyProductqQuantity" name="verifyQuantity" time="14.641"/>
</testsuite> <!-- testCases.VerifyProductqQuantity -->
